SF:lib/features/auth/domain/usecases/get_questionnaire_usecase.dart
DA:8,0
DA:10,0
DA:11,0
LF:3
LH:0
end_of_record
SF:lib/features/auth/domain/usecases/login_usecase.dart
DA:19,1
DA:21,1
DA:22,2
LF:3
LH:3
end_of_record
SF:lib/features/auth/presentation/bloc/login_bloc/bloc/login_bloc.dart
DA:9,3
DA:11,2
DA:12,2
DA:14,4
DA:15,2
DA:17,2
DA:18,3
LF:7
LH:7
end_of_record
SF:lib/features/auth/presentation/bloc/questionnaire_bloc/bloc/questionnaire_bloc.dart
DA:11,0
DA:13,0
DA:14,0
DA:16,0
DA:17,0
DA:19,0
DA:23,0
DA:24,0
DA:26,0
DA:27,0
DA:29,0
LF:11
LH:0
end_of_record
SF:lib/core/network/dio_client_impl.dart
DA:10,1
DA:14,1
DA:20,2
DA:23,2
DA:27,1
DA:28,1
DA:29,1
DA:30,1
DA:35,1
DA:41,2
DA:45,1
DA:46,1
DA:47,1
DA:48,1
DA:54,1
DA:55,1
DA:56,2
DA:57,0
DA:58,0
DA:63,1
DA:64,2
DA:65,2
DA:66,2
DA:67,0
DA:68,2
DA:69,6
DA:70,2
DA:71,0
DA:73,3
LF:29
LH:25
end_of_record
SF:lib/core/network/custom_interceptor.dart
DA:10,0
DA:13,0
DA:14,0
DA:17,1
DA:23,8
DA:24,1
DA:25,2
DA:26,2
DA:27,1
DA:30,0
DA:31,0
DA:32,0
DA:34,0
DA:41,1
DA:43,1
DA:45,2
DA:46,1
DA:47,1
DA:48,1
DA:49,1
DA:54,0
DA:55,0
DA:57,0
DA:58,0
DA:59,0
DA:66,0
DA:67,0
DA:68,0
LF:28
LH:13
end_of_record
SF:lib/features/auth/data/models/response_models/gender_response_model/gender_response_model.dart
DA:13,6
LF:1
LH:1
end_of_record
SF:lib/features/auth/data/models/response_models/gender_response_model/gender_response_model.g.dart
DA:9,3
DA:10,3
DA:11,3
DA:12,9
DA:13,3
DA:16,0
DA:18,0
LF:7
LH:5
end_of_record
SF:lib/features/auth/data/models/response_models/questionnaire_response_model/questionnaire_response_model.dart
DA:13,0
LF:1
LH:0
end_of_record
SF:lib/features/auth/data/models/response_models/questionnaire_response_model/questionnaire_response_model.g.dart
DA:9,0
DA:11,0
DA:12,0
DA:13,0
DA:14,0
DA:17,0
DA:19,0
LF:7
LH:0
end_of_record
SF:lib/features/auth/data/datasources/auth_remote_datasource_impl.dart
DA:12,1
DA:14,1
DA:17,2
DA:19,1
DA:26,3
DA:27,2
DA:31,0
DA:34,0
DA:37,0
DA:39,0
DA:40,0
DA:44,0
DA:47,0
DA:52,0
DA:58,1
DA:61,2
DA:63,1
DA:70,3
DA:71,2
DA:75,1
DA:78,2
DA:79,1
DA:81,2
LF:23
LH:15
end_of_record
SF:lib/features/auth/data/models/gender_model/gender_model.dart
DA:12,6
LF:1
LH:1
end_of_record
SF:lib/features/auth/data/models/gender_model/gender_model.g.dart
DA:9,6
DA:10,6
DA:11,3
DA:14,0
DA:15,0
LF:5
LH:3
end_of_record
SF:lib/features/auth/data/models/option_model/option_model.dart
DA:13,0
LF:1
LH:0
end_of_record
SF:lib/features/auth/data/models/option_model/option_model.g.dart
DA:9,0
DA:10,0
DA:11,0
DA:14,0
DA:15,0
LF:5
LH:0
end_of_record
SF:lib/features/auth/data/models/questionnaire_model/questionnaire_model.dart
DA:17,0
LF:1
LH:0
end_of_record
SF:lib/features/auth/data/models/questionnaire_model/questionnaire_model.g.dart
DA:9,0
DA:10,0
DA:11,0
DA:12,0
DA:13,0
DA:14,0
DA:15,0
DA:16,0
DA:18,0
DA:19,0
DA:23,0
DA:24,0
DA:25,0
DA:26,0
DA:27,0
DA:28,0
LF:16
LH:0
end_of_record
SF:lib/features/auth/domain/usecases/questionnaire_answer_usecase.dart
DA:9,0
DA:11,0
DA:12,0
LF:3
LH:0
end_of_record
SF:lib/features/auth/presentation/bloc/login_bloc/bloc/login_event.dart
DA:7,1
LF:1
LH:1
end_of_record
SF:lib/features/auth/presentation/bloc/login_bloc/bloc/login_state.dart
DA:8,1
DA:12,1
LF:2
LH:2
end_of_record
SF:lib/features/auth/presentation/bloc/questionnaire_bloc/bloc/questionnaire_event.dart
DA:9,0
DA:16,0
LF:2
LH:0
end_of_record
SF:lib/features/auth/presentation/bloc/questionnaire_bloc/bloc/questionnaire_state.dart
DA:11,0
DA:16,0
DA:25,0
DA:30,0
LF:4
LH:0
end_of_record
SF:lib/features/auth/data/repositories/auth_repository_impl.dart
DA:20,1
DA:22,1
DA:25,2
DA:28,3
DA:29,2
DA:34,0
DA:37,0
DA:40,0
DA:41,0
DA:45,0
DA:48,0
DA:51,0
DA:52,0
DA:56,1
DA:59,2
DA:62,3
DA:63,2
DA:67,1
DA:70,2
DA:73,2
LF:20
LH:12
end_of_record
SF:lib/features/auth/domain/usecases/register_usecase.dart
DA:7,1
DA:9,1
DA:10,2
LF:3
LH:3
end_of_record
SF:lib/features/auth/presentation/bloc/register_bloc/bloc/register_bloc.dart
DA:9,3
DA:10,2
DA:12,2
DA:13,4
DA:14,2
DA:16,3
DA:17,3
LF:7
LH:7
end_of_record
SF:lib/features/auth/presentation/bloc/register_bloc/bloc/register_event.dart
DA:7,1
LF:1
LH:1
end_of_record
SF:lib/features/auth/presentation/bloc/register_bloc/bloc/register_state.dart
DA:7,1
DA:11,1
LF:2
LH:2
end_of_record
SF:lib/features/auth/domain/usecases/get_gender_usecase.dart
DA:8,0
DA:10,0
DA:11,0
LF:3
LH:0
end_of_record
SF:lib/features/auth/presentation/bloc/gender_bloc/bloc/gender_bloc.dart
DA:9,3
DA:10,2
DA:12,2
DA:13,2
DA:14,3
DA:16,3
LF:6
LH:6
end_of_record
SF:lib/features/auth/presentation/bloc/gender_bloc/bloc/gender_state.dart
DA:8,1
DA:13,1
LF:2
LH:2
end_of_record
